CRITICAL - 2023-03-09 03:52:04 --> Creation of dynamic property App\Controllers\Data::$mahasiswa is deprecated
in APPPATH\Controllers\Data.php on line 12.
 1 APPPATH\Controllers\Data.php(12): CodeIgniter\Debug\Exceptions->errorHandler(8192, 'Creation of dynamic property App\\Controllers\\Data::$mahasiswa is deprecated', 'APPPATH\\Controllers\\Data.php', 12)
 2 SYSTEMPATH\CodeIgniter.php(889): App\Controllers\Data->__construct()
 3 SYSTEMPATH\CodeIgniter.php(473): CodeIgniter\CodeIgniter->createController()
 4 SYSTEMPATH\CodeIgniter.php(351): CodeIgniter\CodeIgniter->handleRequest(null, Object(Config\Cache), false)
 5 FCPATH\index.php(67): CodeIgniter\CodeIgniter->run()
 6 SYSTEMPATH\Commands\Server\rewrite.php(46): require_once('FCPATH\\index.php')
CRITICAL - 2023-03-09 03:59:18 --> Creation of dynamic property App\Controllers\Data::$mahasiswa is deprecated
in APPPATH\Controllers\Data.php on line 12.
 1 APPPATH\Controllers\Data.php(12): CodeIgniter\Debug\Exceptions->errorHandler(8192, 'Creation of dynamic property App\\Controllers\\Data::$mahasiswa is deprecated', 'APPPATH\\Controllers\\Data.php', 12)
 2 SYSTEMPATH\CodeIgniter.php(889): App\Controllers\Data->__construct()
 3 SYSTEMPATH\CodeIgniter.php(473): CodeIgniter\CodeIgniter->createController()
 4 SYSTEMPATH\CodeIgniter.php(351): CodeIgniter\CodeIgniter->handleRequest(null, Object(Config\Cache), false)
 5 FCPATH\index.php(67): CodeIgniter\CodeIgniter->run()
 6 SYSTEMPATH\Commands\Server\rewrite.php(46): require_once('FCPATH\\index.php')
CRITICAL - 2023-03-09 04:03:30 --> Creation of dynamic property App\Controllers\Data::$mahasiswa is deprecated
in APPPATH\Controllers\Data.php on line 12.
 1 APPPATH\Controllers\Data.php(12): CodeIgniter\Debug\Exceptions->errorHandler(8192, 'Creation of dynamic property App\\Controllers\\Data::$mahasiswa is deprecated', 'APPPATH\\Controllers\\Data.php', 12)
 2 SYSTEMPATH\CodeIgniter.php(889): App\Controllers\Data->__construct()
 3 SYSTEMPATH\CodeIgniter.php(473): CodeIgniter\CodeIgniter->createController()
 4 SYSTEMPATH\CodeIgniter.php(351): CodeIgniter\CodeIgniter->handleRequest(null, Object(Config\Cache), false)
 5 FCPATH\index.php(67): CodeIgniter\CodeIgniter->run()
 6 SYSTEMPATH\Commands\Server\rewrite.php(46): require_once('FCPATH\\index.php')
CRITICAL - 2023-03-09 04:18:21 --> Creation of dynamic property App\Controllers\Data::$mahasiswa is deprecated
in APPPATH\Controllers\Data.php on line 12.
 1 APPPATH\Controllers\Data.php(12): CodeIgniter\Debug\Exceptions->errorHandler(8192, 'Creation of dynamic property App\\Controllers\\Data::$mahasiswa is deprecated', 'APPPATH\\Controllers\\Data.php', 12)
 2 SYSTEMPATH\CodeIgniter.php(889): App\Controllers\Data->__construct()
 3 SYSTEMPATH\CodeIgniter.php(473): CodeIgniter\CodeIgniter->createController()
 4 SYSTEMPATH\CodeIgniter.php(351): CodeIgniter\CodeIgniter->handleRequest(null, Object(Config\Cache), false)
 5 FCPATH\index.php(67): CodeIgniter\CodeIgniter->run()
 6 SYSTEMPATH\Commands\Server\rewrite.php(46): require_once('FCPATH\\index.php')
CRITICAL - 2023-03-09 06:43:22 --> Creation of dynamic property App\Controllers\Data::$mahasiswa is deprecated
in APPPATH\Controllers\Data.php on line 12.
 1 APPPATH\Controllers\Data.php(12): CodeIgniter\Debug\Exceptions->errorHandler(8192, 'Creation of dynamic property App\\Controllers\\Data::$mahasiswa is deprecated', 'APPPATH\\Controllers\\Data.php', 12)
 2 SYSTEMPATH\CodeIgniter.php(889): App\Controllers\Data->__construct()
 3 SYSTEMPATH\CodeIgniter.php(473): CodeIgniter\CodeIgniter->createController()
 4 SYSTEMPATH\CodeIgniter.php(351): CodeIgniter\CodeIgniter->handleRequest(null, Object(Config\Cache), false)
 5 FCPATH\index.php(67): CodeIgniter\CodeIgniter->run()
 6 SYSTEMPATH\Commands\Server\rewrite.php(46): require_once('FCPATH\\index.php')
